<?xml version="1.0" encoding="UTF-8"?>
<robot generator="Robot 6.1.1 (Python 3.11.2 on win32)" generated="20240211 14:50:39.970" rpa="false" schemaversion="4">
<suite id="s1" name="3 Api" source="C:\Users\vdi-student\Robot_10.02.24\3_api.robot">
<test id="s1-t1" name="APT_GET_TEST" line="6">
<kw name="GET" library="RequestsLibrary">
<var>${get_odpowiedz}</var>
<arg>https://simple-books-api.glitch.me/status</arg>
<doc>Sends a GET request.</doc>
<msg timestamp="20240211 14:50:40.688" level="INFO">GET Request : url=https://simple-books-api.glitch.me/status 
 path_url=/status 
 headers={'User-Agent': 'python-requests/2.31.0', 'Accept-Encoding': 'gzip, deflate', 'Accept': '*/*', 'Connection': 'keep-alive'} 
 body=None 
 </msg>
<msg timestamp="20240211 14:50:40.688" level="INFO">GET Response : url=https://simple-books-api.glitch.me/status 
 status=200, reason=OK 
 headers={'Date': 'Sun, 11 Feb 2024 13:47:27 GMT', 'Content-Type': 'application/json; charset=utf-8', 'Content-Length': '15', 'Connection': 'keep-alive', 'x-powered-by': 'Express', 'etag': 'W/"f-v/Y1JusChTxrQUzPtNAKycooOTA"'} 
 body={"status":"OK"} 
 </msg>
<msg timestamp="20240211 14:50:40.688" level="INFO">${get_odpowiedz} = &lt;Response [200]&gt;</msg>
<status status="PASS" starttime="20240211 14:50:40.109" endtime="20240211 14:50:40.688"/>
</kw>
<kw name="Log To Console" library="BuiltIn">
<arg>${get_odpowiedz}</arg>
<doc>Logs the given message to the console.</doc>
<status status="PASS" starttime="20240211 14:50:40.689" endtime="20240211 14:50:40.689"/>
</kw>
<status status="PASS" starttime="20240211 14:50:40.109" endtime="20240211 14:50:40.690"/>
</test>
<status status="PASS" starttime="20240211 14:50:39.972" endtime="20240211 14:50:40.691"/>
</suite>
<statistics>
<total>
<stat pass="1" fail="0" skip="0">All Tests</stat>
</total>
<tag>
</tag>
<suite>
<stat pass="1" fail="0" skip="0" id="s1" name="3 Api">3 Api</stat>
</suite>
</statistics>
<errors>
</errors>
</robot>
