<?xml version="1.0" encoding="UTF-8"?>
<robot generator="Robot 6.1.1 (Python 3.11.2 on win32)" generated="20240211 15:15:59.209" rpa="false" schemaversion="4">
<suite id="s1" name="3 Api" source="C:\Users\vdi-student\Robot_10.02.24\3_api.robot">
<test id="s1-t1" name="APT_GET_TEST" line="8">
<kw name="GET" library="RequestsLibrary">
<var>${get_odpowiedz}</var>
<arg>https://simple-books-api.glitch.me/status</arg>
<doc>Sends a GET request.</doc>
<msg timestamp="20240211 15:15:59.902" level="INFO">GET Request : url=https://simple-books-api.glitch.me/status 
 path_url=/status 
 headers={'User-Agent': 'python-requests/2.31.0', 'Accept-Encoding': 'gzip, deflate', 'Accept': '*/*', 'Connection': 'keep-alive'} 
 body=None 
 </msg>
<msg timestamp="20240211 15:15:59.903" level="INFO">GET Response : url=https://simple-books-api.glitch.me/status 
 status=200, reason=OK 
 headers={'Date': 'Sun, 11 Feb 2024 14:12:47 GMT', 'Content-Type': 'application/json; charset=utf-8', 'Content-Length': '15', 'Connection': 'keep-alive', 'x-powered-by': 'Express', 'etag': 'W/"f-v/Y1JusChTxrQUzPtNAKycooOTA"'} 
 body={"status":"OK"} 
 </msg>
<msg timestamp="20240211 15:15:59.903" level="INFO">${get_odpowiedz} = &lt;Response [200]&gt;</msg>
<status status="PASS" starttime="20240211 15:15:59.333" endtime="20240211 15:15:59.903"/>
</kw>
<kw name="Log To Console" library="BuiltIn">
<arg>${get_odpowiedz.json()}</arg>
<doc>Logs the given message to the console.</doc>
<status status="PASS" starttime="20240211 15:15:59.903" endtime="20240211 15:15:59.904"/>
</kw>
<kw name="POST" library="RequestsLibrary">
<var>${POST_register_odpowedz}</var>
<arg>https://simple-books-api.glitch.me/api-clients/</arg>
<arg>json=&amp;{regisatration_data}</arg>
<doc>Sends a POST request.</doc>
<msg timestamp="20240211 15:16:00.544" level="INFO">POST Request : url=https://simple-books-api.glitch.me/api-clients/ 
 path_url=/api-clients/ 
 headers={'User-Agent': 'python-requests/2.31.0', 'Accept-Encoding': 'gzip, deflate', 'Accept': '*/*', 'Connection': 'keep-alive', 'Content-Length': '60', 'Content-Type': 'application/json'} 
 body=b'{"clientName": "Kamidfl", "clientEmail": "mojedmafil@wp.pl"}' 
 </msg>
<msg timestamp="20240211 15:16:00.544" level="INFO">POST Response : url=https://simple-books-api.glitch.me/api-clients/ 
 status=409, reason=Conflict 
 headers={'Date': 'Sun, 11 Feb 2024 14:12:47 GMT', 'Content-Type': 'application/json; charset=utf-8', 'Content-Length': '65', 'Connection': 'keep-alive', 'x-powered-by': 'Express', 'etag': 'W/"41-rjAEsJfLskSzU5wzBOncJcKHOOY"'} 
 body={"error":"API client already registered. Try a different email."} 
 </msg>
<msg timestamp="20240211 15:16:00.544" level="FAIL">HTTPError: 409 Client Error: Conflict for url: https://simple-books-api.glitch.me/api-clients/</msg>
<status status="FAIL" starttime="20240211 15:15:59.905" endtime="20240211 15:16:00.546"/>
</kw>
<kw name="Log To Console" library="BuiltIn">
<arg>${POST_register_odpowedz}</arg>
<doc>Logs the given message to the console.</doc>
<status status="NOT RUN" starttime="20240211 15:16:00.548" endtime="20240211 15:16:00.548"/>
</kw>
<kw name="Log To Console" library="BuiltIn">
<arg>${POST_register_odpowedz.json()["accessToken"]}</arg>
<doc>Logs the given message to the console.</doc>
<status status="NOT RUN" starttime="20240211 15:16:00.548" endtime="20240211 15:16:00.549"/>
</kw>
<status status="FAIL" starttime="20240211 15:15:59.333" endtime="20240211 15:16:00.549">HTTPError: 409 Client Error: Conflict for url: https://simple-books-api.glitch.me/api-clients/</status>
</test>
<status status="FAIL" starttime="20240211 15:15:59.211" endtime="20240211 15:16:00.550"/>
</suite>
<statistics>
<total>
<stat pass="0" fail="1" skip="0">All Tests</stat>
</total>
<tag>
</tag>
<suite>
<stat pass="0" fail="1" skip="0" id="s1" name="3 Api">3 Api</stat>
</suite>
</statistics>
<errors>
</errors>
</robot>
