<?xml version="1.0" encoding="UTF-8"?>
<robot generator="Robot 6.1.1 (Python 3.11.2 on win32)" generated="20240210 10:38:20.148" rpa="false" schemaversion="4">
<suite id="s1" name="1 Plik" source="C:\Users\vdi-student\Desktop\Robot_10.02.24\1_plik.robot">
<test id="s1-t1" name="Log in Wikipedia" line="7">
<kw name="Open Browser" library="SeleniumLibrary">
<arg>https://www.google.com/</arg>
<doc>Opens a new browser instance to the optional ``url``.</doc>
<msg timestamp="20240210 10:38:20.366" level="INFO">Opening browser 'firefox' to base url 'https://www.google.com/'.</msg>
<msg timestamp="20240210 10:38:20.384" level="INFO">Executing: C:\Users\vdi-student\AppData\Roaming\Python\Python311\site-packages\selenium\webdriver\common\windows\selenium-manager.exe --browser firefox --output json</msg>
<status status="PASS" starttime="20240210 10:38:20.366" endtime="20240210 10:38:23.623"/>
</kw>
<kw name="Sleep" library="BuiltIn">
<arg>5</arg>
<doc>Pauses the test executed for the given time.</doc>
<msg timestamp="20240210 10:38:28.625" level="INFO">Slept 5 seconds</msg>
<status status="PASS" starttime="20240210 10:38:23.624" endtime="20240210 10:38:28.625"/>
</kw>
<kw name="Close Browser" library="SeleniumLibrary">
<doc>Closes the current browser.</doc>
<status status="PASS" starttime="20240210 10:38:28.625" endtime="20240210 10:38:29.440"/>
</kw>
<status status="PASS" starttime="20240210 10:38:20.365" endtime="20240210 10:38:29.441"/>
</test>
<status status="PASS" starttime="20240210 10:38:20.149" endtime="20240210 10:38:29.443"/>
</suite>
<statistics>
<total>
<stat pass="1" fail="0" skip="0">All Tests</stat>
</total>
<tag>
</tag>
<suite>
<stat pass="1" fail="0" skip="0" id="s1" name="1 Plik">1 Plik</stat>
</suite>
</statistics>
<errors>
</errors>
</robot>
