<?xml version="1.0" encoding="UTF-8"?>
<robot generator="Robot 6.1.1 (Python 3.11.2 on win32)" generated="20240210 11:16:26.924" rpa="false" schemaversion="4">
<suite id="s1" name="1 Plik" source="C:\Users\vdi-student\Desktop\Robot_10.02.24\1_plik.robot">
<test id="s1-t1" name="Log in Wikipedia" line="7">
<kw name="Open Browser" library="SeleniumLibrary">
<arg>https://pl.wikipedia.org</arg>
<arg>chrome</arg>
<doc>Opens a new browser instance to the optional ``url``.</doc>
<msg timestamp="20240210 11:16:27.158" level="INFO">Opening browser 'chrome' to base url 'https://pl.wikipedia.org'.</msg>
<status status="PASS" starttime="20240210 11:16:27.158" endtime="20240210 11:16:28.783"/>
</kw>
<kw name="Sleep" library="BuiltIn">
<arg>1</arg>
<doc>Pauses the test executed for the given time.</doc>
<msg timestamp="20240210 11:16:29.785" level="INFO">Slept 1 second</msg>
<status status="PASS" starttime="20240210 11:16:28.784" endtime="20240210 11:16:29.785"/>
</kw>
<kw name="Click Element" library="SeleniumLibrary">
<arg>id:pt-login-2</arg>
<doc>Click the element identified by ``locator``.</doc>
<msg timestamp="20240210 11:16:29.786" level="INFO">Clicking element 'id:pt-login-2'.</msg>
<status status="PASS" starttime="20240210 11:16:29.786" endtime="20240210 11:16:30.623"/>
</kw>
<kw name="Sleep" library="BuiltIn">
<arg>3</arg>
<doc>Pauses the test executed for the given time.</doc>
<msg timestamp="20240210 11:16:33.625" level="INFO">Slept 3 seconds</msg>
<status status="PASS" starttime="20240210 11:16:30.623" endtime="20240210 11:16:33.625"/>
</kw>
<kw name="Close Browser" library="SeleniumLibrary">
<doc>Closes the current browser.</doc>
<status status="PASS" starttime="20240210 11:16:33.626" endtime="20240210 11:16:35.728"/>
</kw>
<status status="PASS" starttime="20240210 11:16:27.157" endtime="20240210 11:16:35.729"/>
</test>
<status status="PASS" starttime="20240210 11:16:26.925" endtime="20240210 11:16:35.730"/>
</suite>
<statistics>
<total>
<stat pass="1" fail="0" skip="0">All Tests</stat>
</total>
<tag>
</tag>
<suite>
<stat pass="1" fail="0" skip="0" id="s1" name="1 Plik">1 Plik</stat>
</suite>
</statistics>
<errors>
</errors>
</robot>
