<?xml version="1.0" encoding="UTF-8"?>
<robot generator="Robot 6.1.1 (Python 3.11.2 on win32)" generated="20240211 11:52:12.971" rpa="false" schemaversion="4">
<suite id="s1" name="2 Skladnia" source="C:\Users\vdi-student\Desktop\Robot_10.02.24\2_skladnia.robot">
<test id="s1-t1" name="test1" line="11">
<kw name="Log To Console" library="BuiltIn">
<arg>${moj slownik.url} ${moj slownik.marchew}</arg>
<arg>${moj slownik.lista}[2]</arg>
<doc>Logs the given message to the console.</doc>
<status status="PASS" starttime="20240211 11:52:12.995" endtime="20240211 11:52:12.998"/>
</kw>
<kw name="Log To Console" library="BuiltIn">
<arg>${lista imion}</arg>
<doc>Logs the given message to the console.</doc>
<status status="PASS" starttime="20240211 11:52:12.998" endtime="20240211 11:52:12.998"/>
</kw>
<kw name="Log" library="BuiltIn">
<arg>moja lista ${lista imion}</arg>
<doc>Logs the given message with the given level.</doc>
<msg timestamp="20240211 11:52:12.999" level="INFO">moja lista ['Weronika', 'Karolina', 'Marcin', 'Justyna']</msg>
<status status="PASS" starttime="20240211 11:52:12.999" endtime="20240211 11:52:12.999"/>
</kw>
<status status="PASS" starttime="20240211 11:52:12.994" endtime="20240211 11:52:12.999"/>
</test>
<status status="PASS" starttime="20240211 11:52:12.972" endtime="20240211 11:52:13.001"/>
</suite>
<statistics>
<total>
<stat pass="1" fail="0" skip="0">All Tests</stat>
</total>
<tag>
</tag>
<suite>
<stat pass="1" fail="0" skip="0" id="s1" name="2 Skladnia">2 Skladnia</stat>
</suite>
</statistics>
<errors>
</errors>
</robot>
