<?xml version="1.0" encoding="UTF-8"?>
<robot generator="Robot 6.1.1 (Python 3.11.2 on win32)" generated="20240210 14:12:01.516" rpa="false" schemaversion="4">
<suite id="s1" name="1 Plik" source="C:\Users\vdi-student\Desktop\Robot_10.02.24\1_plik.robot">
<test id="s1-t1" name="Log in Wikipedia" line="10">
<kw name="Open Browser" library="SeleniumLibrary">
<arg>https://pl.wikipedia.org</arg>
<arg>chrome</arg>
<doc>Opens a new browser instance to the optional ``url``.</doc>
<msg timestamp="20240210 14:12:01.734" level="INFO">Opening browser 'chrome' to base url 'https://pl.wikipedia.org'.</msg>
<status status="PASS" starttime="20240210 14:12:01.733" endtime="20240210 14:12:03.360"/>
</kw>
<kw name="Click Element" library="SeleniumLibrary">
<arg>id:L2AGLb</arg>
<doc>Click the element identified by ``locator``.</doc>
<msg timestamp="20240210 14:12:03.361" level="INFO">Clicking element 'id:L2AGLb'.</msg>
<msg timestamp="20240210 14:12:03.485" level="INFO" html="true">&lt;/td&gt;&lt;/tr&gt;&lt;tr&gt;&lt;td colspan="3"&gt;&lt;a href="selenium-screenshot-18.png"&gt;&lt;img src="selenium-screenshot-18.png" width="800px"&gt;&lt;/a&gt;</msg>
<msg timestamp="20240210 14:12:03.485" level="FAIL">Element with locator 'id:L2AGLb' not found.</msg>
<status status="FAIL" starttime="20240210 14:12:03.360" endtime="20240210 14:12:03.488"/>
</kw>
<kw name="Wait Until Element Is Visible" library="SeleniumLibrary">
<arg>id:pt-login-2</arg>
<arg>timeout=5</arg>
<doc>Waits until the element ``locator`` is visible.</doc>
<status status="NOT RUN" starttime="20240210 14:12:03.489" endtime="20240210 14:12:03.489"/>
</kw>
<kw name="Click Element" library="SeleniumLibrary">
<arg>id:pt-login-2</arg>
<doc>Click the element identified by ``locator``.</doc>
<status status="NOT RUN" starttime="20240210 14:12:03.489" endtime="20240210 14:12:03.489"/>
</kw>
<kw name="Input Text" library="SeleniumLibrary">
<arg>locator=id:wpName1</arg>
<arg>text=${wikipedia login}</arg>
<arg>clear=False</arg>
<doc>Types the given ``text`` into the text field identified by ``locator``.</doc>
<status status="NOT RUN" starttime="20240210 14:12:03.489" endtime="20240210 14:12:03.489"/>
</kw>
<kw name="Input Text" library="SeleniumLibrary">
<arg>id:wpPassword1</arg>
<arg>${proper password}</arg>
<arg>False</arg>
<doc>Types the given ``text`` into the text field identified by ``locator``.</doc>
<status status="NOT RUN" starttime="20240210 14:12:03.489" endtime="20240210 14:12:03.490"/>
</kw>
<kw name="Checkbox Should Not Be Selected" library="SeleniumLibrary">
<arg>id:wpRemember</arg>
<doc>Verifies checkbox ``locator`` is not selected/checked.</doc>
<status status="NOT RUN" starttime="20240210 14:12:03.490" endtime="20240210 14:12:03.490"/>
</kw>
<kw name="Select Checkbox" library="SeleniumLibrary">
<arg>id:wpRemember</arg>
<doc>Selects the checkbox identified by ``locator``.</doc>
<status status="NOT RUN" starttime="20240210 14:12:03.490" endtime="20240210 14:12:03.490"/>
</kw>
<kw name="Click Button" library="SeleniumLibrary">
<arg>id:wpLoginAttempt</arg>
<doc>Clicks the button identified by ``locator``.</doc>
<status status="NOT RUN" starttime="20240210 14:12:03.490" endtime="20240210 14:12:03.490"/>
</kw>
<kw name="Capture Page Screenshot" library="SeleniumLibrary">
<doc>Takes a screenshot of the current page and embeds it into a log file.</doc>
<status status="NOT RUN" starttime="20240210 14:12:03.491" endtime="20240210 14:12:03.491"/>
</kw>
<kw name="Wait Until Element Is Visible" library="SeleniumLibrary">
<arg>id:vector-user-links-dropdown-checkbox</arg>
<arg>5</arg>
<doc>Waits until the element ``locator`` is visible.</doc>
<status status="NOT RUN" starttime="20240210 14:12:03.491" endtime="20240210 14:12:03.491"/>
</kw>
<kw name="Input Text" library="SeleniumLibrary">
<arg>name:search</arg>
<arg>TEXTTTT</arg>
<doc>Types the given ``text`` into the text field identified by ``locator``.</doc>
<status status="NOT RUN" starttime="20240210 14:12:03.492" endtime="20240210 14:12:03.492"/>
</kw>
<kw name="Press Keys" library="SeleniumLibrary">
<arg>name:search</arg>
<arg>ENTER</arg>
<doc>Simulates the user pressing key(s) to an element or on the active browser.</doc>
<status status="NOT RUN" starttime="20240210 14:12:03.492" endtime="20240210 14:12:03.492"/>
</kw>
<kw name="Close Browser" library="SeleniumLibrary">
<doc>Closes the current browser.</doc>
<status status="NOT RUN" starttime="20240210 14:12:03.492" endtime="20240210 14:12:03.492"/>
</kw>
<status status="FAIL" starttime="20240210 14:12:01.733" endtime="20240210 14:12:03.493">Element with locator 'id:L2AGLb' not found.</status>
</test>
<status status="FAIL" starttime="20240210 14:12:01.517" endtime="20240210 14:12:03.494"/>
</suite>
<statistics>
<total>
<stat pass="0" fail="1" skip="0">All Tests</stat>
</total>
<tag>
</tag>
<suite>
<stat pass="0" fail="1" skip="0" id="s1" name="1 Plik">1 Plik</stat>
</suite>
</statistics>
<errors>
</errors>
</robot>
